<?xml version="1.0" encoding="UTF-8"?>
<testng-results ignored="0" total="1" passed="1" failed="0" skipped="0">
  <reporter-output>
  </reporter-output>
  <suite started-at="2022-02-25T21:04:18 CET" name="Selenium Project" finished-at="2022-02-25T21:04:27 CET" duration-ms="8273">
    <groups>
    </groups>
    <test started-at="2022-02-25T21:04:18 CET" name="Automation Test" finished-at="2022-02-25T21:04:27 CET" duration-ms="8273">
      <class name="com.seleniumProject.testCases.TC_LoginTest_001">
        <test-method is-config="true" signature="setup(java.lang.String)[pri:0, instance:com.seleniumProject.testCases.TC_LoginTest_001@4b5d6a01]" started-at="2022-02-25T21:04:19 CET" name="setup" finished-at="2022-02-25T21:04:23 CET" duration-ms="4345" status="PASS">
          <params>
            <param index="0">
              <value>
                <![CDATA[chrome]]>
              </value>
            </param>
          </params>
          <reporter-output>
          </reporter-output>
        </test-method> <!-- setup -->
        <test-method signature="LoginTest()[pri:0, instance:com.seleniumProject.testCases.TC_LoginTest_001@4b5d6a01]" started-at="2022-02-25T21:04:23 CET" name="LoginTest" finished-at="2022-02-25T21:04:27 CET" duration-ms="3569" status="PASS">
          <reporter-output>
          </reporter-output>
        </test-method> <!-- LoginTest -->
        <test-method is-config="true" signature="tearDown()[pri:0, instance:com.seleniumProject.testCases.TC_LoginTest_001@4b5d6a01]" started-at="2022-02-25T21:04:27 CET" name="tearDown" finished-at="2022-02-25T21:04:27 CET" duration-ms="137" status="PASS">
          <reporter-output>
          </reporter-output>
        </test-method> <!-- tearDown -->
      </class> <!-- com.seleniumProject.testCases.TC_LoginTest_001 -->
    </test> <!-- Automation Test -->
  </suite> <!-- Selenium Project -->
</testng-results>
