<?xml version="1.0" encoding="UTF-8"?>
<testsuite xmlns:xsi="http://www.w3.org/2001/XMLSchema-instance" xsi:noNamespaceSchemaLocation="https://maven.apache.org/surefire/maven-surefire-plugin/xsd/surefire-test-report-3.0.xsd" version="3.0" name="TestSuite" time="9.026" tests="1" errors="0" skipped="0" failures="0">
  <properties>
[...]
</properties>
  <testcase name="LoginTest" classname="com.seleniumProject.testCases.TC_LoginTest_001" time="3.564">
    <system-out><![CDATA[02-25-2022 21:04:24 TC_LoginTest_001.java INFO  [main] ebanking 19 - page loaded
02-25-2022 21:04:25 TC_LoginTest_001.java INFO  [main] ebanking 23 - Sign in clicked in home page
02-25-2022 21:04:25 TC_LoginTest_001.java INFO  [main] ebanking 27 - email entered
02-25-2022 21:04:25 TC_LoginTest_001.java INFO  [main] ebanking 31 - password entered
02-25-2022 21:04:27 TC_LoginTest_001.java INFO  [main] ebanking 35 - Sign in clicked in login page
02-25-2022 21:04:27 TC_LoginTest_001.java INFO  [main] ebanking 42 - login test passed
]]></system-out>
    <system-err><![CDATA[SLF4J: Failed to load class "org.slf4j.impl.StaticLoggerBinder".
SLF4J: Defaulting to no-operation (NOP) logger implementation
SLF4J: See http://www.slf4j.org/codes.html#StaticLoggerBinder for further details.
ERROR StatusLogger Log4j2 could not find a logging implementation. Please add log4j-core to the classpath. Using SimpleLogger to log to the console...
Starting ChromeDriver 98.0.4758.102 (273bf7ac8c909cde36982d27f66f3c70846a3718-refs/branch-heads/4758@{#1151}) on port 50161
Only local connections are allowed.
Please see https://chromedriver.chromium.org/security-considerations for suggestions on keeping ChromeDriver safe.
ChromeDriver was started successfully.
Feb 25, 2022 9:04:20 PM org.openqa.selenium.remote.ProtocolHandshake createSession
INFO: Detected dialect: W3C
Feb 25, 2022 9:04:20 PM org.openqa.selenium.devtools.CdpVersionFinder findNearestMatch
WARNING: Unable to find an exact match for CDP version 98, so returning the closest version found: 96
Feb 25, 2022 9:04:20 PM org.openqa.selenium.devtools.CdpVersionFinder findNearestMatch
INFO: Found CDP implementation for version 98 of 96
]]></system-err>
  </testcase>
</testsuite>